<?xml version="1.0" encoding="UTF-8"?>
<testng-results ignored="0" total="2" passed="2" failed="0" skipped="0">
  <reporter-output>
  </reporter-output>
  <suite started-at="2022-10-11T23:00:37 UYT" name="Suite" finished-at="2022-10-11T23:01:04 UYT" duration-ms="27390">
    <groups>
    </groups>
    <test started-at="2022-10-11T23:00:37 UYT" name="Test on Firefox" finished-at="2022-10-11T23:01:03 UYT" duration-ms="26381">
      <class name="TestCases.TestCase1">
        <test-method is-config="true" signature="beforeClass(java.lang.String,java.lang.String)[pri:0, instance:TestCases.TestCase1@6574a52c]" started-at="2022-10-11T23:00:37 UYT" name="beforeClass" finished-at="2022-10-11T23:01:01 UYT" duration-ms="24568" status="PASS">
          <params>
            <param index="0">
              <value>
                <![CDATA[http://www.musala.com/]]>
              </value>
            </param>
            <param index="1">
              <value>
                <![CDATA[Firefox]]>
              </value>
            </param>
          </params>
          <reporter-output>
          </reporter-output>
        </test-method> <!-- beforeClass -->
        <test-method signature="contactUs()[pri:0, instance:TestCases.TestCase1@6574a52c]" started-at="2022-10-11T23:01:01 UYT" name="contactUs" finished-at="2022-10-11T23:01:03 UYT" duration-ms="1760" status="PASS">
          <reporter-output>
          </reporter-output>
        </test-method> <!-- contactUs -->
      </class> <!-- TestCases.TestCase1 -->
    </test> <!-- Test on Firefox -->
    <test started-at="2022-10-11T23:00:37 UYT" name="Test on Chrome" finished-at="2022-10-11T23:01:04 UYT" duration-ms="27390">
      <class name="TestCases.TestCase1">
        <test-method is-config="true" signature="beforeClass(java.lang.String,java.lang.String)[pri:0, instance:TestCases.TestCase1@4659191b]" started-at="2022-10-11T23:00:37 UYT" name="beforeClass" finished-at="2022-10-11T23:01:01 UYT" duration-ms="24488" status="PASS">
          <params>
            <param index="0">
              <value>
                <![CDATA[http://www.musala.com/]]>
              </value>
            </param>
            <param index="1">
              <value>
                <![CDATA[Chrome]]>
              </value>
            </param>
          </params>
          <reporter-output>
          </reporter-output>
        </test-method> <!-- beforeClass -->
        <test-method signature="contactUs()[pri:0, instance:TestCases.TestCase1@4659191b]" started-at="2022-10-11T23:01:01 UYT" name="contactUs" finished-at="2022-10-11T23:01:04 UYT" duration-ms="2829" status="PASS">
          <reporter-output>
          </reporter-output>
        </test-method> <!-- contactUs -->
      </class> <!-- TestCases.TestCase1 -->
    </test> <!-- Test on Chrome -->
  </suite> <!-- Suite -->
</testng-results>
