<?xml version="1.0" encoding="UTF-8"?>
<testng-results ignored="0" total="4" passed="4" failed="0" skipped="0">
  <reporter-output>
  </reporter-output>
  <suite started-at="2022-10-11T19:07:23 UYT" name="Suite" finished-at="2022-10-11T19:07:52 UYT" duration-ms="29196">
    <groups>
    </groups>
    <test started-at="2022-10-11T19:07:23 UYT" name="Test on Chrome" finished-at="2022-10-11T19:07:48 UYT" duration-ms="25512">
      <class name="TestCases.NewTest">
        <test-method is-config="true" signature="beforeClass(java.lang.String,java.lang.String)[pri:0, instance:TestCases.NewTest@55634720]" started-at="2022-10-11T19:07:23 UYT" name="beforeClass" finished-at="2022-10-11T19:07:36 UYT" duration-ms="13675" status="PASS">
          <params>
            <param index="0">
              <value>
                <![CDATA[http://www.musala.com/]]>
              </value>
            </param>
            <param index="1">
              <value>
                <![CDATA[Chrome]]>
              </value>
            </param>
          </params>
          <reporter-output>
          </reporter-output>
        </test-method> <!-- beforeClass -->
        <test-method signature="PrimeraPrueba()[pri:0, instance:TestCases.NewTest@55634720]" started-at="2022-10-11T19:07:36 UYT" name="PrimeraPrueba" finished-at="2022-10-11T19:07:48 UYT" duration-ms="11759" status="PASS">
          <reporter-output>
          </reporter-output>
        </test-method> <!-- PrimeraPrueba -->
        <test-method signature="SegundaPrueba()[pri:0, instance:TestCases.NewTest@55634720]" started-at="2022-10-11T19:07:48 UYT" name="SegundaPrueba" finished-at="2022-10-11T19:07:48 UYT" duration-ms="3" status="PASS">
          <reporter-output>
          </reporter-output>
        </test-method> <!-- SegundaPrueba -->
      </class> <!-- TestCases.NewTest -->
    </test> <!-- Test on Chrome -->
    <test started-at="2022-10-11T19:07:23 UYT" name="Test on Firefox" finished-at="2022-10-11T19:07:52 UYT" duration-ms="29196">
      <class name="TestCases.NewTest">
        <test-method is-config="true" signature="beforeClass(java.lang.String,java.lang.String)[pri:0, instance:TestCases.NewTest@55a147cc]" started-at="2022-10-11T19:07:23 UYT" name="beforeClass" finished-at="2022-10-11T19:07:41 UYT" duration-ms="17940" status="PASS">
          <params>
            <param index="0">
              <value>
                <![CDATA[http://www.musala.com/]]>
              </value>
            </param>
            <param index="1">
              <value>
                <![CDATA[Firefox]]>
              </value>
            </param>
          </params>
          <reporter-output>
          </reporter-output>
        </test-method> <!-- beforeClass -->
        <test-method signature="PrimeraPrueba()[pri:0, instance:TestCases.NewTest@55a147cc]" started-at="2022-10-11T19:07:41 UYT" name="PrimeraPrueba" finished-at="2022-10-11T19:07:52 UYT" duration-ms="11199" status="PASS">
          <reporter-output>
          </reporter-output>
        </test-method> <!-- PrimeraPrueba -->
        <test-method signature="SegundaPrueba()[pri:0, instance:TestCases.NewTest@55a147cc]" started-at="2022-10-11T19:07:52 UYT" name="SegundaPrueba" finished-at="2022-10-11T19:07:52 UYT" duration-ms="3" status="PASS">
          <reporter-output>
          </reporter-output>
        </test-method> <!-- SegundaPrueba -->
      </class> <!-- TestCases.NewTest -->
    </test> <!-- Test on Firefox -->
  </suite> <!-- Suite -->
</testng-results>
